2019-02-28 09:39:31.380 [restartedMain] INFO  com.guli.edu.EduApplication - Starting EduApplication on DESKTOP-AHTNH2Q with PID 3680 (E:\IdeaProjects\guli\guli-microservice-edu\target\classes started by thinkpad in E:\IdeaProjects\guli)
2019-02-28 09:39:31.408 [restartedMain] INFO  com.guli.edu.EduApplication - The following profiles are active: dev
2019-02-28 09:39:31.619 [restartedMain] INFO  o.s.b.w.s.c.AnnotationConfigServletWebServerApplicationContext - Refreshing org.springframework.boot.web.servlet.context.AnnotationConfigServletWebServerApplicationContext@3aaf77a: startup date [Thu Feb 28 09:39:31 CST 2019]; root of context hierarchy
2019-02-28 09:39:35.069 [restartedMain] INFO  o.s.c.s.PostProcessorRegistrationDelegate$BeanPostProcessorChecker - Bean 'org.springframework.transaction.annotation.ProxyTransactionManagementConfiguration' of type [org.springframework.transaction.annotation.ProxyTransactionManagementConfiguration$$EnhancerBySpringCGLIB$$3453d803] is not eligible for getting processed by all BeanPostProcessors (for example: not eligible for auto-proxying)
2019-02-28 09:39:41.474 [restartedMain] INFO  o.s.boot.web.embedded.tomcat.TomcatWebServer - Tomcat initialized with port(s): 8101 (http)
2019-02-28 09:39:41.541 [restartedMain] INFO  org.apache.coyote.http11.Http11NioProtocol - Initializing ProtocolHandler ["http-nio-8101"]
2019-02-28 09:39:42.016 [restartedMain] INFO  org.apache.catalina.core.StandardService - Starting service [Tomcat]
2019-02-28 09:39:42.016 [restartedMain] INFO  org.apache.catalina.core.StandardEngine - Starting Servlet Engine: Apache Tomcat/8.5.35
2019-02-28 09:39:42.050 [localhost-startStop-1] INFO  org.apache.catalina.core.AprLifecycleListener - The APR based Apache Tomcat Native library which allows optimal performance in production environments was not found on the java.library.path: [D:\java\jdk1.8.0_131\bin;C:\WINDOWS\Sun\Java\bin;C:\WINDOWS\system32;C:\WINDOWS;C:\ProgramData\Oracle\Java\javapath;C:\Program Files (x86)\Intel\iCLS Client\;C:\Program Files\Intel\iCLS Client\;C:\WINDOWS\system32;C:\WINDOWS;C:\WINDOWS\System32\Wbem;C:\WINDOWS\System32\WindowsPowerShell\v1.0\;C:\Program Files (x86)\Intel\Intel(R) Management Engine Components\DAL;C:\Program Files\Intel\Intel(R) Management Engine Components\DAL;C:\Program Files (x86)\Intel\Intel(R) Management Engine Components\IPT;C:\Program Files\Intel\Intel(R) Management Engine Components\IPT;E:\GO\bin;D:\GCC\mingw64\bin;E:\GO\bin;D:\java\jdk1.8.0_131\bin;C:\WINDOWS\System32\OpenSSH\;F:\MySQL5.5\bin;D:\apache-maven-3.2.2\bin;D:\Subversion\bin;D:\VSCode\Microsoft VS Code\bin;D:\nodejs\;C:\Users\thinkpad\AppData\Local\Microsoft\WindowsApps;C:\Users\thinkpad\go\bin;D:\Microsoft VS Code\bin;C:\Users\thinkpad\AppData\Roaming\npm;.]
2019-02-28 09:39:43.499 [localhost-startStop-1] INFO  o.a.c.core.ContainerBase.[Tomcat].[localhost].[/] - Initializing Spring embedded WebApplicationContext
2019-02-28 09:39:43.500 [localhost-startStop-1] INFO  org.springframework.web.context.ContextLoader - Root WebApplicationContext: initialization completed in 11881 ms
2019-02-28 09:39:43.666 [localhost-startStop-1] INFO  o.s.boot.web.servlet.ServletRegistrationBean - Servlet dispatcherServlet mapped to [/]
2019-02-28 09:39:43.670 [localhost-startStop-1] INFO  o.s.boot.web.servlet.FilterRegistrationBean - Mapping filter: 'characterEncodingFilter' to: [/*]
2019-02-28 09:39:43.670 [localhost-startStop-1] INFO  o.s.boot.web.servlet.FilterRegistrationBean - Mapping filter: 'hiddenHttpMethodFilter' to: [/*]
2019-02-28 09:39:43.670 [localhost-startStop-1] INFO  o.s.boot.web.servlet.FilterRegistrationBean - Mapping filter: 'httpPutFormContentFilter' to: [/*]
2019-02-28 09:39:43.670 [localhost-startStop-1] INFO  o.s.boot.web.servlet.FilterRegistrationBean - Mapping filter: 'requestContextFilter' to: [/*]
2019-02-28 09:39:44.303 [restartedMain] INFO  com.zaxxer.hikari.HikariDataSource - GuliHikariPool - Starting...
2019-02-28 09:40:06.668 [restartedMain] INFO  org.apache.catalina.core.StandardService - Stopping service [Tomcat]
2019-02-28 09:40:06.723 [restartedMain] INFO  o.s.b.a.l.ConditionEvaluationReportLoggingListener - 

Error starting ApplicationContext. To display the conditions report re-run your application with 'debug' enabled.
2019-02-28 09:41:33.560 [restartedMain] INFO  com.guli.edu.EduApplication - Starting EduApplication on DESKTOP-AHTNH2Q with PID 19772 (E:\IdeaProjects\guli\guli-microservice-edu\target\classes started by thinkpad in E:\IdeaProjects\guli)
2019-02-28 09:41:33.573 [restartedMain] INFO  com.guli.edu.EduApplication - The following profiles are active: dev
2019-02-28 09:41:33.738 [restartedMain] INFO  o.s.b.w.s.c.AnnotationConfigServletWebServerApplicationContext - Refreshing org.springframework.boot.web.servlet.context.AnnotationConfigServletWebServerApplicationContext@34efcda1: startup date [Thu Feb 28 09:41:33 CST 2019]; root of context hierarchy
2019-02-28 09:41:35.383 [restartedMain] INFO  o.s.c.s.PostProcessorRegistrationDelegate$BeanPostProcessorChecker - Bean 'org.springframework.transaction.annotation.ProxyTransactionManagementConfiguration' of type [org.springframework.transaction.annotation.ProxyTransactionManagementConfiguration$$EnhancerBySpringCGLIB$$c75ef7bb] is not eligible for getting processed by all BeanPostProcessors (for example: not eligible for auto-proxying)
2019-02-28 09:41:36.115 [restartedMain] INFO  o.s.boot.web.embedded.tomcat.TomcatWebServer - Tomcat initialized with port(s): 8101 (http)
2019-02-28 09:41:36.128 [restartedMain] INFO  org.apache.coyote.http11.Http11NioProtocol - Initializing ProtocolHandler ["http-nio-8101"]
2019-02-28 09:41:36.152 [restartedMain] INFO  org.apache.catalina.core.StandardService - Starting service [Tomcat]
2019-02-28 09:41:36.152 [restartedMain] INFO  org.apache.catalina.core.StandardEngine - Starting Servlet Engine: Apache Tomcat/8.5.35
2019-02-28 09:41:36.156 [localhost-startStop-1] INFO  org.apache.catalina.core.AprLifecycleListener - The APR based Apache Tomcat Native library which allows optimal performance in production environments was not found on the java.library.path: [D:\java\jdk1.8.0_131\bin;C:\WINDOWS\Sun\Java\bin;C:\WINDOWS\system32;C:\WINDOWS;C:\ProgramData\Oracle\Java\javapath;C:\Program Files (x86)\Intel\iCLS Client\;C:\Program Files\Intel\iCLS Client\;C:\WINDOWS\system32;C:\WINDOWS;C:\WINDOWS\System32\Wbem;C:\WINDOWS\System32\WindowsPowerShell\v1.0\;C:\Program Files (x86)\Intel\Intel(R) Management Engine Components\DAL;C:\Program Files\Intel\Intel(R) Management Engine Components\DAL;C:\Program Files (x86)\Intel\Intel(R) Management Engine Components\IPT;C:\Program Files\Intel\Intel(R) Management Engine Components\IPT;E:\GO\bin;D:\GCC\mingw64\bin;E:\GO\bin;D:\java\jdk1.8.0_131\bin;C:\WINDOWS\System32\OpenSSH\;F:\MySQL5.5\bin;D:\apache-maven-3.2.2\bin;D:\Subversion\bin;D:\VSCode\Microsoft VS Code\bin;D:\nodejs\;C:\Users\thinkpad\AppData\Local\Microsoft\WindowsApps;C:\Users\thinkpad\go\bin;D:\Microsoft VS Code\bin;C:\Users\thinkpad\AppData\Roaming\npm;.]
2019-02-28 09:41:36.246 [localhost-startStop-1] INFO  o.a.c.core.ContainerBase.[Tomcat].[localhost].[/] - Initializing Spring embedded WebApplicationContext
2019-02-28 09:41:36.247 [localhost-startStop-1] INFO  org.springframework.web.context.ContextLoader - Root WebApplicationContext: initialization completed in 2508 ms
2019-02-28 09:41:36.326 [localhost-startStop-1] INFO  o.s.boot.web.servlet.ServletRegistrationBean - Servlet dispatcherServlet mapped to [/]
2019-02-28 09:41:36.332 [localhost-startStop-1] INFO  o.s.boot.web.servlet.FilterRegistrationBean - Mapping filter: 'characterEncodingFilter' to: [/*]
2019-02-28 09:41:36.332 [localhost-startStop-1] INFO  o.s.boot.web.servlet.FilterRegistrationBean - Mapping filter: 'hiddenHttpMethodFilter' to: [/*]
2019-02-28 09:41:36.333 [localhost-startStop-1] INFO  o.s.boot.web.servlet.FilterRegistrationBean - Mapping filter: 'httpPutFormContentFilter' to: [/*]
2019-02-28 09:41:36.333 [localhost-startStop-1] INFO  o.s.boot.web.servlet.FilterRegistrationBean - Mapping filter: 'requestContextFilter' to: [/*]
2019-02-28 09:41:36.659 [restartedMain] INFO  com.zaxxer.hikari.HikariDataSource - GuliHikariPool - Starting...
2019-02-28 09:41:37.070 [restartedMain] INFO  com.zaxxer.hikari.HikariDataSource - GuliHikariPool - Start completed.
2019-02-28 09:41:37.887 [restartedMain] INFO  o.s.w.s.m.m.a.RequestMappingHandlerMapping - Mapped "{[/admin/edu/teacher],methods=[POST]}" onto public com.guli.common.vo.R com.guli.edu.controller.admin.TeacherAdminController.save(com.guli.edu.entity.Teacher)
2019-02-28 09:41:37.889 [restartedMain] INFO  o.s.w.s.m.m.a.RequestMappingHandlerMapping - Mapped "{[/admin/edu/teacher],methods=[GET]}" onto public com.guli.common.vo.R com.guli.edu.controller.admin.TeacherAdminController.getAll()
2019-02-28 09:41:37.890 [restartedMain] INFO  o.s.w.s.m.m.a.RequestMappingHandlerMapping - Mapped "{[/admin/edu/teacher/{id}],methods=[DELETE]}" onto public com.guli.common.vo.R com.guli.edu.controller.admin.TeacherAdminController.deleteById(java.lang.String)
2019-02-28 09:41:37.890 [restartedMain] INFO  o.s.w.s.m.m.a.RequestMappingHandlerMapping - Mapped "{[/admin/edu/teacher/{page}/{limit}],methods=[GET]}" onto public com.guli.common.vo.R com.guli.edu.controller.admin.TeacherAdminController.pageList(java.lang.Long,java.lang.Long,com.guli.edu.query.TeacherQuery)
2019-02-28 09:41:37.890 [restartedMain] INFO  o.s.w.s.m.m.a.RequestMappingHandlerMapping - Mapped "{[/admin/edu/teacher/{id}],methods=[GET]}" onto public com.guli.common.vo.R com.guli.edu.controller.admin.TeacherAdminController.getTeacherById(java.lang.String)
2019-02-28 09:41:37.891 [restartedMain] INFO  o.s.w.s.m.m.a.RequestMappingHandlerMapping - Mapped "{[/admin/edu/teacher/{id}],methods=[PUT]}" onto public com.guli.common.vo.R com.guli.edu.controller.admin.TeacherAdminController.updateById(java.lang.String,com.guli.edu.entity.Teacher)
2019-02-28 09:41:37.895 [restartedMain] INFO  o.s.w.s.m.m.a.RequestMappingHandlerMapping - Mapped "{[/swagger-resources/configuration/security]}" onto public org.springframework.http.ResponseEntity<springfox.documentation.swagger.web.SecurityConfiguration> springfox.documentation.swagger.web.ApiResourceController.securityConfiguration()
2019-02-28 09:41:37.896 [restartedMain] INFO  o.s.w.s.m.m.a.RequestMappingHandlerMapping - Mapped "{[/swagger-resources/configuration/ui]}" onto public org.springframework.http.ResponseEntity<springfox.documentation.swagger.web.UiConfiguration> springfox.documentation.swagger.web.ApiResourceController.uiConfiguration()
2019-02-28 09:41:37.897 [restartedMain] INFO  o.s.w.s.m.m.a.RequestMappingHandlerMapping - Mapped "{[/swagger-resources]}" onto public org.springframework.http.ResponseEntity<java.util.List<springfox.documentation.swagger.web.SwaggerResource>> springfox.documentation.swagger.web.ApiResourceController.swaggerResources()
2019-02-28 09:41:37.900 [restartedMain] INFO  o.s.w.s.m.m.a.RequestMappingHandlerMapping - Mapped "{[/error]}" onto public org.springframework.http.ResponseEntity<java.util.Map<java.lang.String, java.lang.Object>> org.springframework.boot.autoconfigure.web.servlet.error.BasicErrorController.error(javax.servlet.http.HttpServletRequest)
2019-02-28 09:41:37.901 [restartedMain] INFO  o.s.w.s.m.m.a.RequestMappingHandlerMapping - Mapped "{[/error],produces=[text/html]}" onto public org.springframework.web.servlet.ModelAndView org.springframework.boot.autoconfigure.web.servlet.error.BasicErrorController.errorHtml(javax.servlet.http.HttpServletRequest,javax.servlet.http.HttpServletResponse)
2019-02-28 09:41:37.991 [restartedMain] INFO  s.d.s.w.PropertySourcedRequestMappingHandlerMapping - Mapped URL path [/v2/api-docs] onto method [public org.springframework.http.ResponseEntity<springfox.documentation.spring.web.json.Json> springfox.documentation.swagger2.web.Swagger2Controller.getDocumentation(java.lang.String,javax.servlet.http.HttpServletRequest)]
2019-02-28 09:41:38.048 [restartedMain] INFO  o.s.web.servlet.handler.SimpleUrlHandlerMapping - Mapped URL path [/**/favicon.ico] onto handler of type [class org.springframework.web.servlet.resource.ResourceHttpRequestHandler]
2019-02-28 09:41:38.221 [restartedMain] INFO  o.s.w.s.m.m.a.RequestMappingHandlerAdapter - Looking for @ControllerAdvice: org.springframework.boot.web.servlet.context.AnnotationConfigServletWebServerApplicationContext@34efcda1: startup date [Thu Feb 28 09:41:33 CST 2019]; root of context hierarchy
2019-02-28 09:41:38.260 [restartedMain] INFO  o.s.web.servlet.handler.SimpleUrlHandlerMapping - Mapped URL path [/webjars/**] onto handler of type [class org.springframework.web.servlet.resource.ResourceHttpRequestHandler]
2019-02-28 09:41:38.260 [restartedMain] INFO  o.s.web.servlet.handler.SimpleUrlHandlerMapping - Mapped URL path [/**] onto handler of type [class org.springframework.web.servlet.resource.ResourceHttpRequestHandler]
2019-02-28 09:41:38.271 [restartedMain] INFO  o.s.w.s.m.m.a.ExceptionHandlerExceptionResolver - Detected @ExceptionHandler methods in globalExceptionHandler
2019-02-28 09:41:38.521 [restartedMain] INFO  o.s.b.d.autoconfigure.OptionalLiveReloadServer - LiveReload server is running on port 35729
2019-02-28 09:41:38.548 [restartedMain] INFO  o.s.jmx.export.annotation.AnnotationMBeanExporter - Registering beans for JMX exposure on startup
2019-02-28 09:41:38.549 [restartedMain] INFO  o.s.jmx.export.annotation.AnnotationMBeanExporter - Bean with name 'dataSource' has been autodetected for JMX exposure
2019-02-28 09:41:38.554 [restartedMain] INFO  o.s.jmx.export.annotation.AnnotationMBeanExporter - Located MBean 'dataSource': registering with JMX server as MBean [com.zaxxer.hikari:name=dataSource,type=HikariDataSource]
2019-02-28 09:41:38.559 [restartedMain] INFO  o.s.context.support.DefaultLifecycleProcessor - Starting beans in phase 2147483647
2019-02-28 09:41:38.559 [restartedMain] INFO  s.d.s.web.plugins.DocumentationPluginsBootstrapper - Context refreshed
2019-02-28 09:41:38.573 [restartedMain] INFO  s.d.s.web.plugins.DocumentationPluginsBootstrapper - Found 2 custom documentation plugin(s)
2019-02-28 09:41:38.612 [restartedMain] INFO  s.d.spring.web.scanners.ApiListingReferenceScanner - Scanning for api listing references
2019-02-28 09:41:38.802 [restartedMain] INFO  s.d.spring.web.scanners.ApiListingReferenceScanner - Scanning for api listing references
2019-02-28 09:41:38.818 [restartedMain] INFO  org.apache.coyote.http11.Http11NioProtocol - Starting ProtocolHandler ["http-nio-8101"]
2019-02-28 09:41:38.826 [restartedMain] INFO  org.apache.tomcat.util.net.NioSelectorPool - Using a shared selector for servlet write/read
2019-02-28 09:41:38.844 [restartedMain] INFO  o.s.boot.web.embedded.tomcat.TomcatWebServer - Tomcat started on port(s): 8101 (http) with context path ''
2019-02-28 09:41:38.847 [restartedMain] INFO  com.guli.edu.EduApplication - Started EduApplication in 6.259 seconds (JVM running for 9.147)
2019-02-28 09:42:39.117 [http-nio-8101-exec-1] INFO  o.a.c.core.ContainerBase.[Tomcat].[localhost].[/] - Initializing Spring FrameworkServlet 'dispatcherServlet'
2019-02-28 09:42:39.117 [http-nio-8101-exec-1] INFO  org.springframework.web.servlet.DispatcherServlet - FrameworkServlet 'dispatcherServlet': initialization started
2019-02-28 09:42:39.141 [http-nio-8101-exec-1] INFO  org.springframework.web.servlet.DispatcherServlet - FrameworkServlet 'dispatcherServlet': initialization completed in 24 ms
2019-02-28 10:21:01.063 [restartedMain] INFO  com.guli.edu.EduApplication - Starting EduApplication on DESKTOP-AHTNH2Q with PID 11352 (E:\IdeaProjects\guli\guli-microservice-edu\target\classes started by thinkpad in E:\IdeaProjects\guli)
2019-02-28 10:21:01.065 [restartedMain] INFO  com.guli.edu.EduApplication - The following profiles are active: dev
2019-02-28 10:21:01.273 [restartedMain] INFO  o.s.b.w.s.c.AnnotationConfigServletWebServerApplicationContext - Refreshing org.springframework.boot.web.servlet.context.AnnotationConfigServletWebServerApplicationContext@53684465: startup date [Thu Feb 28 10:21:01 CST 2019]; root of context hierarchy
2019-02-28 10:21:03.916 [restartedMain] INFO  o.s.c.s.PostProcessorRegistrationDelegate$BeanPostProcessorChecker - Bean 'org.springframework.transaction.annotation.ProxyTransactionManagementConfiguration' of type [org.springframework.transaction.annotation.ProxyTransactionManagementConfiguration$$EnhancerBySpringCGLIB$$3434fd3f] is not eligible for getting processed by all BeanPostProcessors (for example: not eligible for auto-proxying)
2019-02-28 10:21:05.347 [restartedMain] INFO  o.s.boot.web.embedded.tomcat.TomcatWebServer - Tomcat initialized with port(s): 8101 (http)
2019-02-28 10:21:05.384 [restartedMain] INFO  org.apache.coyote.http11.Http11NioProtocol - Initializing ProtocolHandler ["http-nio-8101"]
2019-02-28 10:21:05.498 [restartedMain] INFO  org.apache.catalina.core.StandardService - Starting service [Tomcat]
2019-02-28 10:21:05.499 [restartedMain] INFO  org.apache.catalina.core.StandardEngine - Starting Servlet Engine: Apache Tomcat/8.5.35
2019-02-28 10:21:05.503 [localhost-startStop-1] INFO  org.apache.catalina.core.AprLifecycleListener - The APR based Apache Tomcat Native library which allows optimal performance in production environments was not found on the java.library.path: [D:\java\jdk1.8.0_131\bin;C:\WINDOWS\Sun\Java\bin;C:\WINDOWS\system32;C:\WINDOWS;C:\ProgramData\Oracle\Java\javapath;C:\Program Files (x86)\Intel\iCLS Client\;C:\Program Files\Intel\iCLS Client\;C:\WINDOWS\system32;C:\WINDOWS;C:\WINDOWS\System32\Wbem;C:\WINDOWS\System32\WindowsPowerShell\v1.0\;C:\Program Files (x86)\Intel\Intel(R) Management Engine Components\DAL;C:\Program Files\Intel\Intel(R) Management Engine Components\DAL;C:\Program Files (x86)\Intel\Intel(R) Management Engine Components\IPT;C:\Program Files\Intel\Intel(R) Management Engine Components\IPT;E:\GO\bin;D:\GCC\mingw64\bin;E:\GO\bin;D:\java\jdk1.8.0_131\bin;C:\WINDOWS\System32\OpenSSH\;F:\MySQL5.5\bin;D:\apache-maven-3.2.2\bin;D:\Subversion\bin;D:\VSCode\Microsoft VS Code\bin;D:\nodejs\;C:\Users\thinkpad\AppData\Local\Microsoft\WindowsApps;C:\Users\thinkpad\go\bin;D:\Microsoft VS Code\bin;C:\Users\thinkpad\AppData\Roaming\npm;.]
2019-02-28 10:21:05.608 [localhost-startStop-1] INFO  o.a.c.core.ContainerBase.[Tomcat].[localhost].[/] - Initializing Spring embedded WebApplicationContext
2019-02-28 10:21:05.608 [localhost-startStop-1] INFO  org.springframework.web.context.ContextLoader - Root WebApplicationContext: initialization completed in 4335 ms
2019-02-28 10:21:05.738 [localhost-startStop-1] INFO  o.s.boot.web.servlet.ServletRegistrationBean - Servlet dispatcherServlet mapped to [/]
2019-02-28 10:21:05.741 [localhost-startStop-1] INFO  o.s.boot.web.servlet.FilterRegistrationBean - Mapping filter: 'characterEncodingFilter' to: [/*]
2019-02-28 10:21:05.742 [localhost-startStop-1] INFO  o.s.boot.web.servlet.FilterRegistrationBean - Mapping filter: 'hiddenHttpMethodFilter' to: [/*]
2019-02-28 10:21:05.742 [localhost-startStop-1] INFO  o.s.boot.web.servlet.FilterRegistrationBean - Mapping filter: 'httpPutFormContentFilter' to: [/*]
2019-02-28 10:21:05.742 [localhost-startStop-1] INFO  o.s.boot.web.servlet.FilterRegistrationBean - Mapping filter: 'requestContextFilter' to: [/*]
2019-02-28 10:21:06.176 [restartedMain] INFO  com.zaxxer.hikari.HikariDataSource - GuliHikariPool - Starting...
2019-02-28 10:21:06.619 [restartedMain] INFO  com.zaxxer.hikari.HikariDataSource - GuliHikariPool - Start completed.
2019-02-28 10:21:07.632 [restartedMain] INFO  o.s.w.s.m.m.a.RequestMappingHandlerMapping - Mapped "{[/admin/edu/teacher],methods=[POST]}" onto public com.guli.common.vo.R com.guli.edu.controller.admin.TeacherAdminController.save(com.guli.edu.entity.Teacher)
2019-02-28 10:21:07.634 [restartedMain] INFO  o.s.w.s.m.m.a.RequestMappingHandlerMapping - Mapped "{[/admin/edu/teacher],methods=[GET]}" onto public com.guli.common.vo.R com.guli.edu.controller.admin.TeacherAdminController.getAll()
2019-02-28 10:21:07.634 [restartedMain] INFO  o.s.w.s.m.m.a.RequestMappingHandlerMapping - Mapped "{[/admin/edu/teacher/{id}],methods=[DELETE]}" onto public com.guli.common.vo.R com.guli.edu.controller.admin.TeacherAdminController.deleteById(java.lang.String)
2019-02-28 10:21:07.635 [restartedMain] INFO  o.s.w.s.m.m.a.RequestMappingHandlerMapping - Mapped "{[/admin/edu/teacher/{page}/{limit}],methods=[GET]}" onto public com.guli.common.vo.R com.guli.edu.controller.admin.TeacherAdminController.pageList(java.lang.Long,java.lang.Long,com.guli.edu.query.TeacherQuery)
2019-02-28 10:21:07.635 [restartedMain] INFO  o.s.w.s.m.m.a.RequestMappingHandlerMapping - Mapped "{[/admin/edu/teacher/{id}],methods=[PUT]}" onto public com.guli.common.vo.R com.guli.edu.controller.admin.TeacherAdminController.updateById(java.lang.String,com.guli.edu.entity.Teacher)
2019-02-28 10:21:07.636 [restartedMain] INFO  o.s.w.s.m.m.a.RequestMappingHandlerMapping - Mapped "{[/admin/edu/teacher/{id}],methods=[GET]}" onto public com.guli.common.vo.R com.guli.edu.controller.admin.TeacherAdminController.getTeacherById(java.lang.String)
2019-02-28 10:21:07.640 [restartedMain] INFO  o.s.w.s.m.m.a.RequestMappingHandlerMapping - Mapped "{[/swagger-resources/configuration/ui]}" onto public org.springframework.http.ResponseEntity<springfox.documentation.swagger.web.UiConfiguration> springfox.documentation.swagger.web.ApiResourceController.uiConfiguration()
2019-02-28 10:21:07.641 [restartedMain] INFO  o.s.w.s.m.m.a.RequestMappingHandlerMapping - Mapped "{[/swagger-resources]}" onto public org.springframework.http.ResponseEntity<java.util.List<springfox.documentation.swagger.web.SwaggerResource>> springfox.documentation.swagger.web.ApiResourceController.swaggerResources()
2019-02-28 10:21:07.642 [restartedMain] INFO  o.s.w.s.m.m.a.RequestMappingHandlerMapping - Mapped "{[/swagger-resources/configuration/security]}" onto public org.springframework.http.ResponseEntity<springfox.documentation.swagger.web.SecurityConfiguration> springfox.documentation.swagger.web.ApiResourceController.securityConfiguration()
2019-02-28 10:21:07.646 [restartedMain] INFO  o.s.w.s.m.m.a.RequestMappingHandlerMapping - Mapped "{[/error]}" onto public org.springframework.http.ResponseEntity<java.util.Map<java.lang.String, java.lang.Object>> org.springframework.boot.autoconfigure.web.servlet.error.BasicErrorController.error(javax.servlet.http.HttpServletRequest)
2019-02-28 10:21:07.646 [restartedMain] INFO  o.s.w.s.m.m.a.RequestMappingHandlerMapping - Mapped "{[/error],produces=[text/html]}" onto public org.springframework.web.servlet.ModelAndView org.springframework.boot.autoconfigure.web.servlet.error.BasicErrorController.errorHtml(javax.servlet.http.HttpServletRequest,javax.servlet.http.HttpServletResponse)
2019-02-28 10:21:07.797 [restartedMain] INFO  s.d.s.w.PropertySourcedRequestMappingHandlerMapping - Mapped URL path [/v2/api-docs] onto method [public org.springframework.http.ResponseEntity<springfox.documentation.spring.web.json.Json> springfox.documentation.swagger2.web.Swagger2Controller.getDocumentation(java.lang.String,javax.servlet.http.HttpServletRequest)]
2019-02-28 10:21:07.884 [restartedMain] INFO  o.s.web.servlet.handler.SimpleUrlHandlerMapping - Mapped URL path [/**/favicon.ico] onto handler of type [class org.springframework.web.servlet.resource.ResourceHttpRequestHandler]
2019-02-28 10:21:08.062 [restartedMain] INFO  o.s.w.s.m.m.a.RequestMappingHandlerAdapter - Looking for @ControllerAdvice: org.springframework.boot.web.servlet.context.AnnotationConfigServletWebServerApplicationContext@53684465: startup date [Thu Feb 28 10:21:01 CST 2019]; root of context hierarchy
2019-02-28 10:21:08.260 [restartedMain] INFO  o.s.web.servlet.handler.SimpleUrlHandlerMapping - Mapped URL path [/webjars/**] onto handler of type [class org.springframework.web.servlet.resource.ResourceHttpRequestHandler]
2019-02-28 10:21:08.260 [restartedMain] INFO  o.s.web.servlet.handler.SimpleUrlHandlerMapping - Mapped URL path [/**] onto handler of type [class org.springframework.web.servlet.resource.ResourceHttpRequestHandler]
2019-02-28 10:21:08.272 [restartedMain] INFO  o.s.w.s.m.m.a.ExceptionHandlerExceptionResolver - Detected @ExceptionHandler methods in globalExceptionHandler
2019-02-28 10:21:08.497 [restartedMain] INFO  o.s.b.d.autoconfigure.OptionalLiveReloadServer - LiveReload server is running on port 35729
2019-02-28 10:21:08.522 [restartedMain] INFO  o.s.jmx.export.annotation.AnnotationMBeanExporter - Registering beans for JMX exposure on startup
2019-02-28 10:21:08.523 [restartedMain] INFO  o.s.jmx.export.annotation.AnnotationMBeanExporter - Bean with name 'dataSource' has been autodetected for JMX exposure
2019-02-28 10:21:08.528 [restartedMain] INFO  o.s.jmx.export.annotation.AnnotationMBeanExporter - Located MBean 'dataSource': registering with JMX server as MBean [com.zaxxer.hikari:name=dataSource,type=HikariDataSource]
2019-02-28 10:21:08.532 [restartedMain] INFO  o.s.context.support.DefaultLifecycleProcessor - Starting beans in phase 2147483647
2019-02-28 10:21:08.532 [restartedMain] INFO  s.d.s.web.plugins.DocumentationPluginsBootstrapper - Context refreshed
2019-02-28 10:21:08.630 [restartedMain] INFO  s.d.s.web.plugins.DocumentationPluginsBootstrapper - Found 2 custom documentation plugin(s)
2019-02-28 10:21:08.757 [restartedMain] INFO  s.d.spring.web.scanners.ApiListingReferenceScanner - Scanning for api listing references
2019-02-28 10:21:08.923 [restartedMain] INFO  s.d.spring.web.scanners.ApiListingReferenceScanner - Scanning for api listing references
2019-02-28 10:21:08.931 [restartedMain] INFO  org.apache.coyote.http11.Http11NioProtocol - Starting ProtocolHandler ["http-nio-8101"]
2019-02-28 10:21:08.939 [restartedMain] INFO  org.apache.tomcat.util.net.NioSelectorPool - Using a shared selector for servlet write/read
2019-02-28 10:21:08.962 [restartedMain] INFO  o.s.boot.web.embedded.tomcat.TomcatWebServer - Tomcat started on port(s): 8101 (http) with context path ''
2019-02-28 10:21:08.969 [restartedMain] INFO  com.guli.edu.EduApplication - Started EduApplication in 9.038 seconds (JVM running for 13.573)
2019-02-28 11:13:06.400 [http-nio-8101-exec-7] INFO  o.a.c.core.ContainerBase.[Tomcat].[localhost].[/] - Initializing Spring FrameworkServlet 'dispatcherServlet'
2019-02-28 11:13:06.402 [http-nio-8101-exec-7] INFO  org.springframework.web.servlet.DispatcherServlet - FrameworkServlet 'dispatcherServlet': initialization started
2019-02-28 11:13:06.450 [http-nio-8101-exec-7] INFO  org.springframework.web.servlet.DispatcherServlet - FrameworkServlet 'dispatcherServlet': initialization completed in 48 ms
2019-02-28 20:00:31.728 [restartedMain] INFO  com.guli.edu.EduApplication - Starting EduApplication on DESKTOP-AHTNH2Q with PID 2068 (E:\IdeaProjects\guli\guli-microservice-edu\target\classes started by thinkpad in E:\IdeaProjects\guli)
2019-02-28 20:00:31.763 [restartedMain] INFO  com.guli.edu.EduApplication - The following profiles are active: dev
2019-02-28 20:00:31.891 [restartedMain] INFO  o.s.b.w.s.c.AnnotationConfigServletWebServerApplicationContext - Refreshing org.springframework.boot.web.servlet.context.AnnotationConfigServletWebServerApplicationContext@3daf266f: startup date [Thu Feb 28 20:00:31 CST 2019]; root of context hierarchy
2019-02-28 20:00:34.478 [restartedMain] INFO  o.s.c.s.PostProcessorRegistrationDelegate$BeanPostProcessorChecker - Bean 'org.springframework.transaction.annotation.ProxyTransactionManagementConfiguration' of type [org.springframework.transaction.annotation.ProxyTransactionManagementConfiguration$$EnhancerBySpringCGLIB$$f397bb2b] is not eligible for getting processed by all BeanPostProcessors (for example: not eligible for auto-proxying)
2019-02-28 20:00:35.726 [restartedMain] INFO  o.s.boot.web.embedded.tomcat.TomcatWebServer - Tomcat initialized with port(s): 8101 (http)
2019-02-28 20:00:35.751 [restartedMain] INFO  org.apache.coyote.http11.Http11NioProtocol - Initializing ProtocolHandler ["http-nio-8101"]
2019-02-28 20:00:35.797 [restartedMain] INFO  org.apache.catalina.core.StandardService - Starting service [Tomcat]
2019-02-28 20:00:35.798 [restartedMain] INFO  org.apache.catalina.core.StandardEngine - Starting Servlet Engine: Apache Tomcat/8.5.35
2019-02-28 20:00:35.810 [localhost-startStop-1] INFO  org.apache.catalina.core.AprLifecycleListener - The APR based Apache Tomcat Native library which allows optimal performance in production environments was not found on the java.library.path: [D:\java\jdk1.8.0_131\bin;C:\WINDOWS\Sun\Java\bin;C:\WINDOWS\system32;C:\WINDOWS;C:\ProgramData\Oracle\Java\javapath;C:\Program Files (x86)\Intel\iCLS Client\;C:\Program Files\Intel\iCLS Client\;C:\WINDOWS\system32;C:\WINDOWS;C:\WINDOWS\System32\Wbem;C:\WINDOWS\System32\WindowsPowerShell\v1.0\;C:\Program Files (x86)\Intel\Intel(R) Management Engine Components\DAL;C:\Program Files\Intel\Intel(R) Management Engine Components\DAL;C:\Program Files (x86)\Intel\Intel(R) Management Engine Components\IPT;C:\Program Files\Intel\Intel(R) Management Engine Components\IPT;E:\GO\bin;D:\GCC\mingw64\bin;E:\GO\bin;D:\java\jdk1.8.0_131\bin;C:\WINDOWS\System32\OpenSSH\;F:\MySQL5.5\bin;D:\apache-maven-3.2.2\bin;D:\Subversion\bin;D:\VSCode\Microsoft VS Code\bin;D:\nodejs\;C:\Users\thinkpad\AppData\Local\Microsoft\WindowsApps;C:\Users\thinkpad\go\bin;D:\Microsoft VS Code\bin;C:\Users\thinkpad\AppData\Roaming\npm;.]
2019-02-28 20:00:36.207 [localhost-startStop-1] INFO  o.a.c.core.ContainerBase.[Tomcat].[localhost].[/] - Initializing Spring embedded WebApplicationContext
2019-02-28 20:00:36.208 [localhost-startStop-1] INFO  org.springframework.web.context.ContextLoader - Root WebApplicationContext: initialization completed in 4317 ms
2019-02-28 20:00:36.567 [localhost-startStop-1] INFO  o.s.boot.web.servlet.ServletRegistrationBean - Servlet dispatcherServlet mapped to [/]
2019-02-28 20:00:36.583 [localhost-startStop-1] INFO  o.s.boot.web.servlet.FilterRegistrationBean - Mapping filter: 'characterEncodingFilter' to: [/*]
2019-02-28 20:00:36.585 [localhost-startStop-1] INFO  o.s.boot.web.servlet.FilterRegistrationBean - Mapping filter: 'hiddenHttpMethodFilter' to: [/*]
2019-02-28 20:00:36.585 [localhost-startStop-1] INFO  o.s.boot.web.servlet.FilterRegistrationBean - Mapping filter: 'httpPutFormContentFilter' to: [/*]
2019-02-28 20:00:36.586 [localhost-startStop-1] INFO  o.s.boot.web.servlet.FilterRegistrationBean - Mapping filter: 'requestContextFilter' to: [/*]
2019-02-28 20:00:37.065 [restartedMain] INFO  com.zaxxer.hikari.HikariDataSource - GuliHikariPool - Starting...
2019-02-28 20:00:37.634 [restartedMain] INFO  com.zaxxer.hikari.HikariDataSource - GuliHikariPool - Start completed.
2019-02-28 20:00:39.439 [restartedMain] INFO  o.s.w.s.m.m.a.RequestMappingHandlerMapping - Mapped "{[/admin/edu/teacher],methods=[POST]}" onto public com.guli.common.vo.R com.guli.edu.controller.admin.TeacherAdminController.save(com.guli.edu.entity.Teacher)
2019-02-28 20:00:39.442 [restartedMain] INFO  o.s.w.s.m.m.a.RequestMappingHandlerMapping - Mapped "{[/admin/edu/teacher],methods=[GET]}" onto public com.guli.common.vo.R com.guli.edu.controller.admin.TeacherAdminController.getAll()
2019-02-28 20:00:39.443 [restartedMain] INFO  o.s.w.s.m.m.a.RequestMappingHandlerMapping - Mapped "{[/admin/edu/teacher/{id}],methods=[DELETE]}" onto public com.guli.common.vo.R com.guli.edu.controller.admin.TeacherAdminController.deleteById(java.lang.String)
2019-02-28 20:00:39.445 [restartedMain] INFO  o.s.w.s.m.m.a.RequestMappingHandlerMapping - Mapped "{[/admin/edu/teacher/{id}],methods=[GET]}" onto public com.guli.common.vo.R com.guli.edu.controller.admin.TeacherAdminController.getTeacherById(java.lang.String)
2019-02-28 20:00:39.446 [restartedMain] INFO  o.s.w.s.m.m.a.RequestMappingHandlerMapping - Mapped "{[/admin/edu/teacher/{page}/{limit}],methods=[GET]}" onto public com.guli.common.vo.R com.guli.edu.controller.admin.TeacherAdminController.pageList(java.lang.Long,java.lang.Long,com.guli.edu.query.TeacherQuery)
2019-02-28 20:00:39.447 [restartedMain] INFO  o.s.w.s.m.m.a.RequestMappingHandlerMapping - Mapped "{[/admin/edu/teacher/{id}],methods=[PUT]}" onto public com.guli.common.vo.R com.guli.edu.controller.admin.TeacherAdminController.updateById(java.lang.String,com.guli.edu.entity.Teacher)
2019-02-28 20:00:39.457 [restartedMain] INFO  o.s.w.s.m.m.a.RequestMappingHandlerMapping - Mapped "{[/swagger-resources/configuration/security]}" onto public org.springframework.http.ResponseEntity<springfox.documentation.swagger.web.SecurityConfiguration> springfox.documentation.swagger.web.ApiResourceController.securityConfiguration()
2019-02-28 20:00:39.459 [restartedMain] INFO  o.s.w.s.m.m.a.RequestMappingHandlerMapping - Mapped "{[/swagger-resources]}" onto public org.springframework.http.ResponseEntity<java.util.List<springfox.documentation.swagger.web.SwaggerResource>> springfox.documentation.swagger.web.ApiResourceController.swaggerResources()
2019-02-28 20:00:39.460 [restartedMain] INFO  o.s.w.s.m.m.a.RequestMappingHandlerMapping - Mapped "{[/swagger-resources/configuration/ui]}" onto public org.springframework.http.ResponseEntity<springfox.documentation.swagger.web.UiConfiguration> springfox.documentation.swagger.web.ApiResourceController.uiConfiguration()
2019-02-28 20:00:39.469 [restartedMain] INFO  o.s.w.s.m.m.a.RequestMappingHandlerMapping - Mapped "{[/error]}" onto public org.springframework.http.ResponseEntity<java.util.Map<java.lang.String, java.lang.Object>> org.springframework.boot.autoconfigure.web.servlet.error.BasicErrorController.error(javax.servlet.http.HttpServletRequest)
2019-02-28 20:00:39.471 [restartedMain] INFO  o.s.w.s.m.m.a.RequestMappingHandlerMapping - Mapped "{[/error],produces=[text/html]}" onto public org.springframework.web.servlet.ModelAndView org.springframework.boot.autoconfigure.web.servlet.error.BasicErrorController.errorHtml(javax.servlet.http.HttpServletRequest,javax.servlet.http.HttpServletResponse)
2019-02-28 20:00:39.662 [restartedMain] INFO  s.d.s.w.PropertySourcedRequestMappingHandlerMapping - Mapped URL path [/v2/api-docs] onto method [public org.springframework.http.ResponseEntity<springfox.documentation.spring.web.json.Json> springfox.documentation.swagger2.web.Swagger2Controller.getDocumentation(java.lang.String,javax.servlet.http.HttpServletRequest)]
2019-02-28 20:00:39.774 [restartedMain] INFO  o.s.web.servlet.handler.SimpleUrlHandlerMapping - Mapped URL path [/**/favicon.ico] onto handler of type [class org.springframework.web.servlet.resource.ResourceHttpRequestHandler]
2019-02-28 20:00:39.923 [restartedMain] INFO  o.s.w.s.m.m.a.RequestMappingHandlerAdapter - Looking for @ControllerAdvice: org.springframework.boot.web.servlet.context.AnnotationConfigServletWebServerApplicationContext@3daf266f: startup date [Thu Feb 28 20:00:31 CST 2019]; root of context hierarchy
2019-02-28 20:00:39.996 [restartedMain] INFO  o.s.web.servlet.handler.SimpleUrlHandlerMapping - Mapped URL path [/webjars/**] onto handler of type [class org.springframework.web.servlet.resource.ResourceHttpRequestHandler]
2019-02-28 20:00:39.996 [restartedMain] INFO  o.s.web.servlet.handler.SimpleUrlHandlerMapping - Mapped URL path [/**] onto handler of type [class org.springframework.web.servlet.resource.ResourceHttpRequestHandler]
2019-02-28 20:00:40.029 [restartedMain] INFO  o.s.w.s.m.m.a.ExceptionHandlerExceptionResolver - Detected @ExceptionHandler methods in globalExceptionHandler
2019-02-28 20:00:40.714 [restartedMain] INFO  o.s.b.d.autoconfigure.OptionalLiveReloadServer - LiveReload server is running on port 35729
2019-02-28 20:00:40.824 [restartedMain] INFO  o.s.jmx.export.annotation.AnnotationMBeanExporter - Registering beans for JMX exposure on startup
2019-02-28 20:00:40.830 [restartedMain] INFO  o.s.jmx.export.annotation.AnnotationMBeanExporter - Bean with name 'dataSource' has been autodetected for JMX exposure
2019-02-28 20:00:40.847 [restartedMain] INFO  o.s.jmx.export.annotation.AnnotationMBeanExporter - Located MBean 'dataSource': registering with JMX server as MBean [com.zaxxer.hikari:name=dataSource,type=HikariDataSource]
2019-02-28 20:00:40.859 [restartedMain] INFO  o.s.context.support.DefaultLifecycleProcessor - Starting beans in phase 2147483647
2019-02-28 20:00:40.860 [restartedMain] INFO  s.d.s.web.plugins.DocumentationPluginsBootstrapper - Context refreshed
2019-02-28 20:00:40.903 [restartedMain] INFO  s.d.s.web.plugins.DocumentationPluginsBootstrapper - Found 2 custom documentation plugin(s)
2019-02-28 20:00:40.997 [restartedMain] INFO  s.d.spring.web.scanners.ApiListingReferenceScanner - Scanning for api listing references
2019-02-28 20:00:41.146 [restartedMain] INFO  s.d.spring.web.scanners.ApiListingReferenceScanner - Scanning for api listing references
2019-02-28 20:00:41.207 [restartedMain] INFO  org.apache.coyote.http11.Http11NioProtocol - Starting ProtocolHandler ["http-nio-8101"]
2019-02-28 20:00:41.217 [restartedMain] INFO  org.apache.tomcat.util.net.NioSelectorPool - Using a shared selector for servlet write/read
2019-02-28 20:00:41.231 [restartedMain] INFO  o.s.boot.web.embedded.tomcat.TomcatWebServer - Tomcat started on port(s): 8101 (http) with context path ''
2019-02-28 20:00:41.234 [restartedMain] INFO  com.guli.edu.EduApplication - Started EduApplication in 10.039 seconds (JVM running for 11.865)
2019-02-28 20:00:46.840 [http-nio-8101-exec-4] INFO  o.a.c.core.ContainerBase.[Tomcat].[localhost].[/] - Initializing Spring FrameworkServlet 'dispatcherServlet'
2019-02-28 20:00:46.840 [http-nio-8101-exec-4] INFO  org.springframework.web.servlet.DispatcherServlet - FrameworkServlet 'dispatcherServlet': initialization started
2019-02-28 20:00:46.871 [http-nio-8101-exec-4] INFO  org.springframework.web.servlet.DispatcherServlet - FrameworkServlet 'dispatcherServlet': initialization completed in 31 ms
